[debug] [2023-12-03T11:57:56.732Z] ----------------------------------------------------------------------
[debug] [2023-12-03T11:57:56.734Z] Command:       /usr/local/share/nvm/versions/node/v20.9.0/bin/node /home/codespace/nvm/current/bin/firebase login
[debug] [2023-12-03T11:57:56.735Z] CLI Version:   12.9.1
[debug] [2023-12-03T11:57:56.735Z] Platform:      linux
[debug] [2023-12-03T11:57:56.735Z] Node Version:  v20.9.0
[debug] [2023-12-03T11:57:56.735Z] Time:          Sun Dec 03 2023 11:57:56 GMT+0000 (Coordinated Universal Time)
[debug] [2023-12-03T11:57:56.735Z] Env Overrides: GITHUB_API_URL
[debug] [2023-12-03T11:57:56.735Z] ----------------------------------------------------------------------
[debug] 
[debug] [2023-12-03T11:57:56.738Z] >>> [apiv2][query] GET https://firebase-public.firebaseio.com/cli.json [none]
[info] i  Firebase optionally collects CLI and Emulator Suite usage and error reporting information to help improve our products. Data is collected in accordance with Google's privacy policy (https://policies.google.com/privacy) and is not used to identify you.
 
[debug] [2023-12-03T11:57:57.052Z] <<< [apiv2][status] GET https://firebase-public.firebaseio.com/cli.json 200
[debug] [2023-12-03T11:57:57.052Z] <<< [apiv2][body] GET https://firebase-public.firebaseio.com/cli.json {"cloudBuildErrorAfter":1594252800000,"cloudBuildWarnAfter":1590019200000,"defaultNode10After":1594252800000,"minVersion":"3.0.5","node8DeploysDisabledAfter":1613390400000,"node8RuntimeDisabledAfter":1615809600000,"node8WarnAfter":1600128000000}
[info] i  To change your data collection preference at any time, run `firebase logout` and log in again. 
[debug] [2023-12-03T11:58:01.900Z] >>> [apiv2][query] POST https://auth.firebase.tools/attest [none]
[debug] [2023-12-03T11:58:01.900Z] >>> [apiv2][body] POST https://auth.firebase.tools/attest {"session_id":"3296c693-60f1-4c30-89d9-1869e296b5b2"}
[debug] [2023-12-03T11:58:02.259Z] <<< [apiv2][status] POST https://auth.firebase.tools/attest 200
[debug] [2023-12-03T11:58:02.259Z] <<< [apiv2][body] POST https://auth.firebase.tools/attest {"token":"Megm5DTHMxwuToYBEHF4v4xv8hxvbBGnuN8bnSGmR50"}
[info] 
[info] To sign in to the Firebase CLI:
[info] 
[info] 1. Take note of your session ID:
[info] 
[info]    3296C
[info] 
[info] 2. Visit the URL below on any device and follow the instructions to get your code:
[info] 
[info]    https://auth.firebase.tools/login?code_challenge=HorajPTpFm_0yEQSL-LbKHDSELZtZoNG7Eh7wcUUNVc&session=3296c693-60f1-4c30-89d9-1869e296b5b2&attest=Megm5DTHMxwuToYBEHF4v4xv8hxvbBGnuN8bnSGmR50
[info] 
[info] 3. Paste or enter the authorization code below once you have it:
[info] 
